<?xml version="1.0" encoding="UTF-8"?>
<!-- Generated by org.testng.reporters.JUnitXMLReporter -->
<testsuite ignored="0" hostname="N-184" failures="0" tests="6" name="Command line test" time="101.722" errors="0" timestamp="2020-03-26T17:49:41 ART">
  <testcase classname="test.BusquedaTest" name="auteticacionErronea" time="4.315"/>
  <testcase classname="test.BusquedaTest" name="searchWithNoResult" time="1.221"/>
  <testcase classname="test.BusquedaTest" name="searchWithResult" time="1.839"/>
  <testcase classname="test.SeleccionTest" name="seleccionDresses" time="5.759"/>
  <testcase classname="test.SeleccionTest" name="seleccionDropdowns" time="2.882"/>
  <testcase classname="test.SeleccionTest" name="seleccionWomen" time="8.358"/>
</testsuite> <!-- Command line test -->
