<?xml version="1.0" encoding="UTF-8"?>
<testng-results ignored="0" total="6" passed="6" failed="0" skipped="0">
  <reporter-output>
  </reporter-output>
  <suite started-at="2020-03-26T17:47:59 ART" name="Command line suite" finished-at="2020-03-26T17:49:41 ART" duration-ms="101722">
    <groups>
    </groups>
    <test started-at="2020-03-26T17:47:59 ART" name="Command line test" finished-at="2020-03-26T17:49:41 ART" duration-ms="101722">
      <class name="test.SeleccionTest">
        <test-method is-config="true" signature="setUp()[pri:0, instance:test.SeleccionTest@7cbd213e]" started-at="2020-03-26T17:48:41 ART" name="setUp" finished-at="2020-03-26T17:48:51 ART" duration-ms="10278" status="PASS">
          <reporter-output>
          </reporter-output>
        </test-method> <!-- setUp -->
        <test-method signature="seleccionDresses()[pri:0, instance:test.SeleccionTest@7cbd213e]" started-at="2020-03-26T17:48:51 ART" name="seleccionDresses" finished-at="2020-03-26T17:48:57 ART" duration-ms="5759" status="PASS">
          <reporter-output>
          </reporter-output>
        </test-method> <!-- seleccionDresses -->
        <test-method is-config="true" signature="tearDown()[pri:0, instance:test.SeleccionTest@7cbd213e]" started-at="2020-03-26T17:48:57 ART" name="tearDown" finished-at="2020-03-26T17:48:58 ART" duration-ms="702" status="PASS">
          <reporter-output>
          </reporter-output>
        </test-method> <!-- tearDown -->
        <test-method is-config="true" signature="setUp()[pri:0, instance:test.SeleccionTest@7cbd213e]" started-at="2020-03-26T17:48:58 ART" name="setUp" finished-at="2020-03-26T17:49:15 ART" duration-ms="16618" status="PASS">
          <reporter-output>
          </reporter-output>
        </test-method> <!-- setUp -->
        <test-method signature="seleccionDropdowns()[pri:0, instance:test.SeleccionTest@7cbd213e]" started-at="2020-03-26T17:49:15 ART" name="seleccionDropdowns" finished-at="2020-03-26T17:49:17 ART" duration-ms="2882" status="PASS">
          <reporter-output>
          </reporter-output>
        </test-method> <!-- seleccionDropdowns -->
        <test-method is-config="true" signature="tearDown()[pri:0, instance:test.SeleccionTest@7cbd213e]" started-at="2020-03-26T17:49:17 ART" name="tearDown" finished-at="2020-03-26T17:49:18 ART" duration-ms="651" status="PASS">
          <reporter-output>
          </reporter-output>
        </test-method> <!-- tearDown -->
        <test-method is-config="true" signature="setUp()[pri:0, instance:test.SeleccionTest@7cbd213e]" started-at="2020-03-26T17:49:18 ART" name="setUp" finished-at="2020-03-26T17:49:32 ART" duration-ms="13927" status="PASS">
          <reporter-output>
          </reporter-output>
        </test-method> <!-- setUp -->
        <test-method signature="seleccionWomen()[pri:0, instance:test.SeleccionTest@7cbd213e]" started-at="2020-03-26T17:49:32 ART" name="seleccionWomen" finished-at="2020-03-26T17:49:40 ART" duration-ms="8358" status="PASS">
          <reporter-output>
          </reporter-output>
        </test-method> <!-- seleccionWomen -->
        <test-method is-config="true" signature="tearDown()[pri:0, instance:test.SeleccionTest@7cbd213e]" started-at="2020-03-26T17:49:40 ART" name="tearDown" finished-at="2020-03-26T17:49:41 ART" duration-ms="676" status="PASS">
          <reporter-output>
          </reporter-output>
        </test-method> <!-- tearDown -->
      </class> <!-- test.SeleccionTest -->
      <class name="test.BusquedaTest">
        <test-method is-config="true" signature="setUp()[pri:0, instance:test.BusquedaTest@52f759d7]" started-at="2020-03-26T17:47:59 ART" name="setUp" finished-at="2020-03-26T17:48:12 ART" duration-ms="12869" status="PASS">
          <reporter-output>
          </reporter-output>
        </test-method> <!-- setUp -->
        <test-method signature="auteticacionErronea()[pri:0, instance:test.BusquedaTest@52f759d7]" started-at="2020-03-26T17:48:12 ART" name="auteticacionErronea" finished-at="2020-03-26T17:48:17 ART" duration-ms="4315" status="PASS">
          <reporter-output>
          </reporter-output>
        </test-method> <!-- auteticacionErronea -->
        <test-method is-config="true" signature="setUp()[pri:0, instance:test.BusquedaTest@52f759d7]" started-at="2020-03-26T17:48:17 ART" name="setUp" finished-at="2020-03-26T17:48:27 ART" duration-ms="10395" status="PASS">
          <reporter-output>
          </reporter-output>
        </test-method> <!-- setUp -->
        <test-method signature="searchWithNoResult()[pri:0, instance:test.BusquedaTest@52f759d7]" started-at="2020-03-26T17:48:27 ART" name="searchWithNoResult" finished-at="2020-03-26T17:48:28 ART" duration-ms="1221" status="PASS">
          <reporter-output>
          </reporter-output>
        </test-method> <!-- searchWithNoResult -->
        <test-method is-config="true" signature="setUp()[pri:0, instance:test.BusquedaTest@52f759d7]" started-at="2020-03-26T17:48:28 ART" name="setUp" finished-at="2020-03-26T17:48:39 ART" duration-ms="11165" status="PASS">
          <reporter-output>
          </reporter-output>
        </test-method> <!-- setUp -->
        <test-method signature="searchWithResult()[pri:0, instance:test.BusquedaTest@52f759d7]" started-at="2020-03-26T17:48:39 ART" name="searchWithResult" finished-at="2020-03-26T17:48:41 ART" duration-ms="1839" status="PASS">
          <reporter-output>
          </reporter-output>
        </test-method> <!-- searchWithResult -->
      </class> <!-- test.BusquedaTest -->
    </test> <!-- Command line test -->
  </suite> <!-- Command line suite -->
</testng-results>
